11:56:39.710 debug: 13.04.2026, 11:56:39
11:56:39.710 debug: Project: C:\cocos\games\NewProject-001
11:56:39.710 debug: Targets: editor,preview
11:56:39.712 debug: Incremental file seems great.
11:56:39.712 debug: Engine path: C:\cocos\CocosDashboard\resources\resources\3d\engine
11:56:39.721 debug: Initializing target [Editor]
11:56:39.721 debug: Loading cache
11:56:39.722 debug: Loading cache costs 0.9301999999997861ms.
11:56:39.722 debug: Engine features shipped in editor: base,gfx-webgl,gfx-webgl2,gfx-empty,gfx-webgpu,3d,animation,skeletal-animation,2d,rich-text,mask,graphics,ui-skew,ui,affine-transform,particle,particle-2d,physics-framework,physics-cannon,physics-physx,physics-ammo,physics-builtin,physics-2d-framework,physics-2d-box2d-jsb,physics-2d-box2d,physics-2d-builtin,physics-2d-box2d-wasm,intersection-2d,primitive,profiler,occlusion-query,geometry-renderer,debug-renderer,audio,video,xr,light-probe,terrain,webview,tween,tiled-map,vendor-google,spine-3.8,spine-4.2,dragon-bones,marionette,procedural-animation,custom-pipeline,custom-pipeline-builtin-scripts,custom-pipeline-post-process,legacy-pipeline,websocket,websocket-server,meshopt
11:56:39.722 debug: Our import map(foo:/bar): {
  "imports": {
    "cc": "cce:/internal/x/cc"
  }
}
11:56:39.723 debug: Initializing target [Preview]
11:56:39.723 debug: Loading cache
11:56:39.724 debug: Loading cache costs 1.7199000000000524ms.
11:56:39.725 debug: Our import map(foo:/bar): {
  "imports": {
    "cc": "cce:/internal/x/cc"
  }
}
11:56:39.759 debug: Sync engine features: 2d,3d,affine-transform,animation,audio,base,custom-pipeline,dragon-bones,gfx-webgl,graphics,intersection-2d,light-probe,marionette,mask,particle,particle-2d,physics-2d-box2d,physics-ammo,primitive,profiler,rich-text,skeletal-animation,spine-3.8,terrain,tiled-map,tween,ui,ui-skew,video,websocket,webview,custom-pipeline
11:56:39.761 debug: Reset databases. Enumerated domains: [
  {
    "root": "db://internal/",
    "physical": "C:\\cocos\\CocosDashboard\\resources\\resources\\3d\\engine\\editor\\assets"
  },
  {
    "root": "db://assets/",
    "physical": "C:\\cocos\\games\\NewProject-001\\assets"
  }
]
11:56:39.761 debug: Our import map(foo:/bar): {
  "imports": {
    "cc": "cce:/internal/x/cc",
    "db://internal/": "file:///C:/cocos/CocosDashboard/resources/resources/3d/engine/editor/assets/",
    "db://assets/": "file:///C:/cocos/games/NewProject-001/assets/"
  }
}
11:56:39.762 debug: Our import map(foo:/bar): {
  "imports": {
    "cc": "cce:/internal/x/cc",
    "db://internal/": "file:///C:/cocos/CocosDashboard/resources/resources/3d/engine/editor/assets/",
    "db://assets/": "file:///C:/cocos/games/NewProject-001/assets/"
  }
}
11:56:39.762 debug: Pulling asset-db.
11:56:39.768 debug: Fetch asset-db cost: 5.3802999999998065ms.
11:56:39.769 debug: Build iteration starts.
Number of accumulated asset changes: 10
Feature changed: false
11:56:39.769 debug: Target(editor) build started.
11:56:39.772 debug: Detected change: cce:/internal/x/cc. Last mtime: Thu Jan 01 1970 03:00:04 GMT+0300 (Москва, стандартное время), Current mtime: Thu Jan 01 1970 03:00:04 GMT+0300 (Москва, стандартное время)
11:56:39.772 debug: Inspect cce:/internal/x/cc
11:56:39.837 debug: transform url: 'cce:/internal/x/cc' costs: 64.30 ms
11:56:39.840 debug: Resolve cce:/internal/x/cc-fu/base from cce:/internal/x/cc as external dependency cce:/internal/x/cc-fu/base.
11:56:39.840 debug: Resolve cce:/internal/x/cc-fu/gfx-webgl from cce:/internal/x/cc as external dependency cce:/internal/x/cc-fu/gfx-webgl.
11:56:39.840 debug: Resolve cce:/internal/x/cc-fu/gfx-webgl2 from cce:/internal/x/cc as external dependency cce:/internal/x/cc-fu/gfx-webgl2.
11:56:39.840 debug: Resolve cce:/internal/x/cc-fu/gfx-empty from cce:/internal/x/cc as external dependency cce:/internal/x/cc-fu/gfx-empty.
11:56:39.841 debug: Resolve cce:/internal/x/cc-fu/gfx-webgpu from cce:/internal/x/cc as external dependency cce:/internal/x/cc-fu/gfx-webgpu.
11:56:39.841 debug: Resolve cce:/internal/x/cc-fu/3d from cce:/internal/x/cc as external dependency cce:/internal/x/cc-fu/3d.
11:56:39.841 debug: Resolve cce:/internal/x/cc-fu/animation from cce:/internal/x/cc as external dependency cce:/internal/x/cc-fu/animation.
11:56:39.841 debug: Resolve cce:/internal/x/cc-fu/skeletal-animation from cce:/internal/x/cc as external dependency cce:/internal/x/cc-fu/skeletal-animation.
11:56:39.841 debug: Resolve cce:/internal/x/cc-fu/2d from cce:/internal/x/cc as external dependency cce:/internal/x/cc-fu/2d.
11:56:39.841 debug: Resolve cce:/internal/x/cc-fu/sorting from cce:/internal/x/cc as external dependency cce:/internal/x/cc-fu/sorting.
11:56:39.841 debug: Resolve cce:/internal/x/cc-fu/rich-text from cce:/internal/x/cc as external dependency cce:/internal/x/cc-fu/rich-text.
11:56:39.841 debug: Resolve cce:/internal/x/cc-fu/mask from cce:/internal/x/cc as external dependency cce:/internal/x/cc-fu/mask.
11:56:39.841 debug: Resolve cce:/internal/x/cc-fu/graphics from cce:/internal/x/cc as external dependency cce:/internal/x/cc-fu/graphics.
11:56:39.841 debug: Resolve cce:/internal/x/cc-fu/ui-skew from cce:/internal/x/cc as external dependency cce:/internal/x/cc-fu/ui-skew.
11:56:39.841 debug: Resolve cce:/internal/x/cc-fu/ui from cce:/internal/x/cc as external dependency cce:/internal/x/cc-fu/ui.
11:56:39.841 debug: Resolve cce:/internal/x/cc-fu/affine-transform from cce:/internal/x/cc as external dependency cce:/internal/x/cc-fu/affine-transform.
11:56:39.841 debug: Resolve cce:/internal/x/cc-fu/particle from cce:/internal/x/cc as external dependency cce:/internal/x/cc-fu/particle.
11:56:39.841 debug: Resolve cce:/internal/x/cc-fu/particle-2d from cce:/internal/x/cc as external dependency cce:/internal/x/cc-fu/particle-2d.
11:56:39.841 debug: Resolve cce:/internal/x/cc-fu/physics-framework from cce:/internal/x/cc as external dependency cce:/internal/x/cc-fu/physics-framework.
11:56:39.841 debug: Resolve cce:/internal/x/cc-fu/physics-cannon from cce:/internal/x/cc as external dependency cce:/internal/x/cc-fu/physics-cannon.
11:56:39.841 debug: Resolve cce:/internal/x/cc-fu/physics-physx from cce:/internal/x/cc as external dependency cce:/internal/x/cc-fu/physics-physx.
11:56:39.841 debug: Resolve cce:/internal/x/cc-fu/physics-ammo from cce:/internal/x/cc as external dependency cce:/internal/x/cc-fu/physics-ammo.
11:56:39.841 debug: Resolve cce:/internal/x/cc-fu/physics-builtin from cce:/internal/x/cc as external dependency cce:/internal/x/cc-fu/physics-builtin.
11:56:39.842 debug: Resolve cce:/internal/x/cc-fu/physics-2d-framework from cce:/internal/x/cc as external dependency cce:/internal/x/cc-fu/physics-2d-framework.
11:56:39.842 debug: Resolve cce:/internal/x/cc-fu/physics-2d-box2d-jsb from cce:/internal/x/cc as external dependency cce:/internal/x/cc-fu/physics-2d-box2d-jsb.
11:56:39.842 debug: Resolve cce:/internal/x/cc-fu/physics-2d-box2d from cce:/internal/x/cc as external dependency cce:/internal/x/cc-fu/physics-2d-box2d.
11:56:39.842 debug: Resolve cce:/internal/x/cc-fu/physics-2d-builtin from cce:/internal/x/cc as external dependency cce:/internal/x/cc-fu/physics-2d-builtin.
11:56:39.842 debug: Resolve cce:/internal/x/cc-fu/physics-2d-box2d-wasm from cce:/internal/x/cc as external dependency cce:/internal/x/cc-fu/physics-2d-box2d-wasm.
11:56:39.842 debug: Resolve cce:/internal/x/cc-fu/intersection-2d from cce:/internal/x/cc as external dependency cce:/internal/x/cc-fu/intersection-2d.
11:56:39.842 debug: Resolve cce:/internal/x/cc-fu/primitive from cce:/internal/x/cc as external dependency cce:/internal/x/cc-fu/primitive.
11:56:39.842 debug: Resolve cce:/internal/x/cc-fu/profiler from cce:/internal/x/cc as external dependency cce:/internal/x/cc-fu/profiler.
11:56:39.842 debug: Resolve cce:/internal/x/cc-fu/geometry-renderer from cce:/internal/x/cc as external dependency cce:/internal/x/cc-fu/geometry-renderer.
11:56:39.842 debug: Resolve cce:/internal/x/cc-fu/audio from cce:/internal/x/cc as external dependency cce:/internal/x/cc-fu/audio.
11:56:39.842 debug: Resolve cce:/internal/x/cc-fu/video from cce:/internal/x/cc as external dependency cce:/internal/x/cc-fu/video.
11:56:39.842 debug: Resolve cce:/internal/x/cc-fu/xr from cce:/internal/x/cc as external dependency cce:/internal/x/cc-fu/xr.
11:56:39.842 debug: Resolve cce:/internal/x/cc-fu/light-probe from cce:/internal/x/cc as external dependency cce:/internal/x/cc-fu/light-probe.
11:56:39.842 debug: Resolve cce:/internal/x/cc-fu/terrain from cce:/internal/x/cc as external dependency cce:/internal/x/cc-fu/terrain.
11:56:39.842 debug: Resolve cce:/internal/x/cc-fu/webview from cce:/internal/x/cc as external dependency cce:/internal/x/cc-fu/webview.
11:56:39.842 debug: Resolve cce:/internal/x/cc-fu/tween from cce:/internal/x/cc as external dependency cce:/internal/x/cc-fu/tween.
11:56:39.842 debug: Resolve cce:/internal/x/cc-fu/tiled-map from cce:/internal/x/cc as external dependency cce:/internal/x/cc-fu/tiled-map.
11:56:39.842 debug: Resolve cce:/internal/x/cc-fu/vendor-google from cce:/internal/x/cc as external dependency cce:/internal/x/cc-fu/vendor-google.
11:56:39.842 debug: Resolve cce:/internal/x/cc-fu/spine from cce:/internal/x/cc as external dependency cce:/internal/x/cc-fu/spine.
11:56:39.842 debug: Resolve cce:/internal/x/cc-fu/dragon-bones from cce:/internal/x/cc as external dependency cce:/internal/x/cc-fu/dragon-bones.
11:56:39.842 debug: Resolve cce:/internal/x/cc-fu/custom-pipeline from cce:/internal/x/cc as external dependency cce:/internal/x/cc-fu/custom-pipeline.
11:56:39.842 debug: Resolve cce:/internal/x/cc-fu/custom-pipeline-post-process from cce:/internal/x/cc as external dependency cce:/internal/x/cc-fu/custom-pipeline-post-process.
11:56:39.842 debug: Resolve cce:/internal/x/cc-fu/legacy-pipeline from cce:/internal/x/cc as external dependency cce:/internal/x/cc-fu/legacy-pipeline.
11:56:39.843 debug: Detected change: cce:/internal/x/prerequisite-imports. Last mtime: Thu Jan 01 1970 07:43:39 GMT+0300 (Москва, стандартное время), Current mtime: Thu Jan 01 1970 03:00:04 GMT+0300 (Москва, стандартное время)
11:56:39.843 debug: Inspect cce:/internal/x/prerequisite-imports
11:56:39.872 debug: transform url: 'cce:/internal/x/prerequisite-imports' costs: 29.80 ms
11:56:39.875 debug: Resolve file:///C:/cocos/CocosDashboard/resources/resources/3d/engine/editor/assets/default_renderpipeline/builtin-dof-pass.ts from cce:/internal/x/prerequisite-imports as file:///C:/cocos/CocosDashboard/resources/resources/3d/engine/editor/assets/default_renderpipeline/builtin-dof-pass.ts.
11:56:39.876 debug: Resolve file:///C:/cocos/CocosDashboard/resources/resources/3d/engine/editor/assets/default_renderpipeline/builtin-pipeline-pass.ts from cce:/internal/x/prerequisite-imports as file:///C:/cocos/CocosDashboard/resources/resources/3d/engine/editor/assets/default_renderpipeline/builtin-pipeline-pass.ts.
11:56:39.877 debug: Resolve file:///C:/cocos/CocosDashboard/resources/resources/3d/engine/editor/assets/default_renderpipeline/builtin-pipeline-settings.ts from cce:/internal/x/prerequisite-imports as file:///C:/cocos/CocosDashboard/resources/resources/3d/engine/editor/assets/default_renderpipeline/builtin-pipeline-settings.ts.
11:56:39.878 debug: Resolve file:///C:/cocos/CocosDashboard/resources/resources/3d/engine/editor/assets/default_renderpipeline/builtin-pipeline-types.ts from cce:/internal/x/prerequisite-imports as file:///C:/cocos/CocosDashboard/resources/resources/3d/engine/editor/assets/default_renderpipeline/builtin-pipeline-types.ts.
11:56:39.879 debug: Resolve file:///C:/cocos/CocosDashboard/resources/resources/3d/engine/editor/assets/default_renderpipeline/builtin-pipeline.ts from cce:/internal/x/prerequisite-imports as file:///C:/cocos/CocosDashboard/resources/resources/3d/engine/editor/assets/default_renderpipeline/builtin-pipeline.ts.
11:56:39.879 debug: Resolve file:///C:/cocos/CocosDashboard/resources/resources/3d/engine/editor/assets/tools/debug-view-runtime-control.ts from cce:/internal/x/prerequisite-imports as file:///C:/cocos/CocosDashboard/resources/resources/3d/engine/editor/assets/tools/debug-view-runtime-control.ts.
11:56:39.880 debug: Resolve file:///C:/cocos/games/NewProject-001/assets/scripts/GridManager.ts from cce:/internal/x/prerequisite-imports as file:///C:/cocos/games/NewProject-001/assets/scripts/GridManager.ts.
11:56:39.880 debug: Detected change: file:///C:/cocos/games/NewProject-001/assets/scripts/GridManager.ts. Last mtime: Tue Apr 07 2026 17:08:22 GMT+0300 (Москва, стандартное время)@554b36f0-39f3-4f14-bb83-d34c1d1c7848, Current mtime: Mon Apr 13 2026 11:55:40 GMT+0300 (Москва, стандартное время)@554b36f0-39f3-4f14-bb83-d34c1d1c7848
11:56:39.880 debug: Inspect file:///C:/cocos/games/NewProject-001/assets/scripts/GridManager.ts
11:56:39.982 debug: transform url: 'file:///C:/cocos/games/NewProject-001/assets/scripts/GridManager.ts' costs: 102.30 ms
11:56:39.984 debug: Resolve file:///C:/cocos/games/NewProject-001/assets/scripts/popupError.ts from cce:/internal/x/prerequisite-imports as file:///C:/cocos/games/NewProject-001/assets/scripts/popupError.ts.
11:56:39.985 debug: Resolve file:///C:/cocos/games/NewProject-001/assets/scripts/utils/findCluster.ts from cce:/internal/x/prerequisite-imports as file:///C:/cocos/games/NewProject-001/assets/scripts/utils/findCluster.ts.
11:56:39.985 debug: Resolve file:///C:/cocos/games/NewProject-001/assets/scripts/utils/spineAnimation.ts from cce:/internal/x/prerequisite-imports as file:///C:/cocos/games/NewProject-001/assets/scripts/utils/spineAnimation.ts.
11:56:39.985 debug: Resolve cce:/internal/code-quality/cr.mjs from file:///C:/cocos/CocosDashboard/resources/resources/3d/engine/editor/assets/default_renderpipeline/builtin-dof-pass.ts as cce:/internal/code-quality/cr.mjs.
11:56:39.986 debug: Detected change: cce:/internal/code-quality/cr.mjs. Last mtime: Tue Apr 07 2026 12:24:45 GMT+0300 (Москва, стандартное время), Current mtime: Mon Apr 13 2026 11:56:35 GMT+0300 (Москва, стандартное время)
11:56:39.986 debug: Inspect cce:/internal/code-quality/cr.mjs
11:56:39.995 debug: transform url: 'cce:/internal/code-quality/cr.mjs' costs: 9.00 ms
11:56:39.996 debug: Resolve cc from file:///C:/cocos/CocosDashboard/resources/resources/3d/engine/editor/assets/default_renderpipeline/builtin-dof-pass.ts as cce:/internal/x/cc.
11:56:39.996 debug: Resolve cc from file:///C:/cocos/CocosDashboard/resources/resources/3d/engine/editor/assets/default_renderpipeline/builtin-dof-pass.ts as cce:/internal/x/cc.
11:56:39.996 debug: Resolve cc from file:///C:/cocos/CocosDashboard/resources/resources/3d/engine/editor/assets/default_renderpipeline/builtin-dof-pass.ts as cce:/internal/x/cc.
11:56:39.996 debug: Resolve cc/env from file:///C:/cocos/CocosDashboard/resources/resources/3d/engine/editor/assets/default_renderpipeline/builtin-dof-pass.ts as external dependency cc/env.
11:56:39.996 debug: Resolve ./builtin-pipeline-settings from file:///C:/cocos/CocosDashboard/resources/resources/3d/engine/editor/assets/default_renderpipeline/builtin-dof-pass.ts as file:///C:/cocos/CocosDashboard/resources/resources/3d/engine/editor/assets/default_renderpipeline/builtin-pipeline-settings.ts.
11:56:39.997 debug: Resolve ./builtin-pipeline-pass from file:///C:/cocos/CocosDashboard/resources/resources/3d/engine/editor/assets/default_renderpipeline/builtin-dof-pass.ts as file:///C:/cocos/CocosDashboard/resources/resources/3d/engine/editor/assets/default_renderpipeline/builtin-pipeline-pass.ts.
11:56:39.997 debug: Resolve ./builtin-pipeline from file:///C:/cocos/CocosDashboard/resources/resources/3d/engine/editor/assets/default_renderpipeline/builtin-dof-pass.ts as file:///C:/cocos/CocosDashboard/resources/resources/3d/engine/editor/assets/default_renderpipeline/builtin-pipeline.ts.
11:56:39.997 debug: Resolve cce:/internal/code-quality/cr.mjs from file:///C:/cocos/CocosDashboard/resources/resources/3d/engine/editor/assets/default_renderpipeline/builtin-pipeline-settings.ts as cce:/internal/code-quality/cr.mjs.
11:56:39.998 debug: Resolve cc from file:///C:/cocos/CocosDashboard/resources/resources/3d/engine/editor/assets/default_renderpipeline/builtin-pipeline-settings.ts as cce:/internal/x/cc.
11:56:39.998 debug: Resolve cc from file:///C:/cocos/CocosDashboard/resources/resources/3d/engine/editor/assets/default_renderpipeline/builtin-pipeline-settings.ts as cce:/internal/x/cc.
11:56:39.998 debug: Resolve cc from file:///C:/cocos/CocosDashboard/resources/resources/3d/engine/editor/assets/default_renderpipeline/builtin-pipeline-settings.ts as cce:/internal/x/cc.
11:56:39.998 debug: Resolve cc/env from file:///C:/cocos/CocosDashboard/resources/resources/3d/engine/editor/assets/default_renderpipeline/builtin-pipeline-settings.ts as external dependency cc/env.
11:56:39.999 debug: Resolve ./builtin-pipeline-types from file:///C:/cocos/CocosDashboard/resources/resources/3d/engine/editor/assets/default_renderpipeline/builtin-pipeline-settings.ts as file:///C:/cocos/CocosDashboard/resources/resources/3d/engine/editor/assets/default_renderpipeline/builtin-pipeline-types.ts.
11:56:39.999 debug: Resolve cc from file:///C:/cocos/CocosDashboard/resources/resources/3d/engine/editor/assets/default_renderpipeline/builtin-pipeline-types.ts as cce:/internal/x/cc.
11:56:39.999 debug: Resolve cc from file:///C:/cocos/CocosDashboard/resources/resources/3d/engine/editor/assets/default_renderpipeline/builtin-pipeline-types.ts as cce:/internal/x/cc.
11:56:39.999 debug: Resolve cc from file:///C:/cocos/CocosDashboard/resources/resources/3d/engine/editor/assets/default_renderpipeline/builtin-pipeline-types.ts as cce:/internal/x/cc.
11:56:39.999 debug: Resolve cce:/internal/code-quality/cr.mjs from file:///C:/cocos/CocosDashboard/resources/resources/3d/engine/editor/assets/default_renderpipeline/builtin-pipeline-pass.ts as cce:/internal/code-quality/cr.mjs.
11:56:39.999 debug: Resolve cc from file:///C:/cocos/CocosDashboard/resources/resources/3d/engine/editor/assets/default_renderpipeline/builtin-pipeline-pass.ts as cce:/internal/x/cc.
11:56:39.999 debug: Resolve cc from file:///C:/cocos/CocosDashboard/resources/resources/3d/engine/editor/assets/default_renderpipeline/builtin-pipeline-pass.ts as cce:/internal/x/cc.
11:56:40.000 debug: Resolve cc from file:///C:/cocos/CocosDashboard/resources/resources/3d/engine/editor/assets/default_renderpipeline/builtin-pipeline-pass.ts as cce:/internal/x/cc.
11:56:40.000 debug: Resolve ./builtin-pipeline-settings from file:///C:/cocos/CocosDashboard/resources/resources/3d/engine/editor/assets/default_renderpipeline/builtin-pipeline-pass.ts as file:///C:/cocos/CocosDashboard/resources/resources/3d/engine/editor/assets/default_renderpipeline/builtin-pipeline-settings.ts.
11:56:40.000 debug: Resolve cc/env from file:///C:/cocos/CocosDashboard/resources/resources/3d/engine/editor/assets/default_renderpipeline/builtin-pipeline-pass.ts as external dependency cc/env.
11:56:40.000 debug: Resolve cce:/internal/code-quality/cr.mjs from file:///C:/cocos/CocosDashboard/resources/resources/3d/engine/editor/assets/default_renderpipeline/builtin-pipeline.ts as cce:/internal/code-quality/cr.mjs.
11:56:40.000 debug: Resolve cc from file:///C:/cocos/CocosDashboard/resources/resources/3d/engine/editor/assets/default_renderpipeline/builtin-pipeline.ts as cce:/internal/x/cc.
11:56:40.000 debug: Resolve cc from file:///C:/cocos/CocosDashboard/resources/resources/3d/engine/editor/assets/default_renderpipeline/builtin-pipeline.ts as cce:/internal/x/cc.
11:56:40.000 debug: Resolve cc from file:///C:/cocos/CocosDashboard/resources/resources/3d/engine/editor/assets/default_renderpipeline/builtin-pipeline.ts as cce:/internal/x/cc.
11:56:40.000 debug: Resolve cc/env from file:///C:/cocos/CocosDashboard/resources/resources/3d/engine/editor/assets/default_renderpipeline/builtin-pipeline.ts as external dependency cc/env.
11:56:40.001 debug: Resolve ./builtin-pipeline-types from file:///C:/cocos/CocosDashboard/resources/resources/3d/engine/editor/assets/default_renderpipeline/builtin-pipeline.ts as file:///C:/cocos/CocosDashboard/resources/resources/3d/engine/editor/assets/default_renderpipeline/builtin-pipeline-types.ts.
11:56:40.001 debug: Resolve cc from file:///C:/cocos/CocosDashboard/resources/resources/3d/engine/editor/assets/tools/debug-view-runtime-control.ts as cce:/internal/x/cc.
11:56:40.001 debug: Resolve cc from file:///C:/cocos/CocosDashboard/resources/resources/3d/engine/editor/assets/tools/debug-view-runtime-control.ts as cce:/internal/x/cc.
11:56:40.001 debug: Resolve cc from file:///C:/cocos/CocosDashboard/resources/resources/3d/engine/editor/assets/tools/debug-view-runtime-control.ts as cce:/internal/x/cc.
11:56:40.001 debug: Resolve cce:/internal/code-quality/cr.mjs from file:///C:/cocos/games/NewProject-001/assets/scripts/GridManager.ts as cce:/internal/code-quality/cr.mjs.
11:56:40.001 debug: Resolve cc from file:///C:/cocos/games/NewProject-001/assets/scripts/GridManager.ts as cce:/internal/x/cc.
11:56:40.001 debug: Resolve cc from file:///C:/cocos/games/NewProject-001/assets/scripts/GridManager.ts as cce:/internal/x/cc.
11:56:40.001 debug: Resolve cc from file:///C:/cocos/games/NewProject-001/assets/scripts/GridManager.ts as cce:/internal/x/cc.
11:56:40.002 debug: Resolve ./utils/findCluster from file:///C:/cocos/games/NewProject-001/assets/scripts/GridManager.ts as file:///C:/cocos/games/NewProject-001/assets/scripts/utils/findCluster.ts.
11:56:40.002 debug: Resolve cc from file:///C:/cocos/games/NewProject-001/assets/scripts/utils/findCluster.ts as cce:/internal/x/cc.
11:56:40.002 debug: Resolve cc from file:///C:/cocos/games/NewProject-001/assets/scripts/utils/findCluster.ts as cce:/internal/x/cc.
11:56:40.002 debug: Resolve cc from file:///C:/cocos/games/NewProject-001/assets/scripts/utils/findCluster.ts as cce:/internal/x/cc.
11:56:40.002 debug: Resolve cc from file:///C:/cocos/games/NewProject-001/assets/scripts/popupError.ts as cce:/internal/x/cc.
11:56:40.002 debug: Resolve cc from file:///C:/cocos/games/NewProject-001/assets/scripts/popupError.ts as cce:/internal/x/cc.
11:56:40.002 debug: Resolve cc from file:///C:/cocos/games/NewProject-001/assets/scripts/popupError.ts as cce:/internal/x/cc.
11:56:40.002 debug: Resolve cc from file:///C:/cocos/games/NewProject-001/assets/scripts/utils/spineAnimation.ts as cce:/internal/x/cc.
11:56:40.002 debug: Resolve cc from file:///C:/cocos/games/NewProject-001/assets/scripts/utils/spineAnimation.ts as cce:/internal/x/cc.
11:56:40.002 debug: Resolve cc from file:///C:/cocos/games/NewProject-001/assets/scripts/utils/spineAnimation.ts as cce:/internal/x/cc.
11:56:40.011 debug: Target(editor) ends with cost 242.33849999999984ms.
11:56:40.012 debug: Target(preview) build started.
11:56:40.014 debug: Detected change: cce:/internal/x/cc. Last mtime: Thu Jan 01 1970 03:00:04 GMT+0300 (Москва, стандартное время), Current mtime: Thu Jan 01 1970 03:00:04 GMT+0300 (Москва, стандартное время)
11:56:40.014 debug: Inspect cce:/internal/x/cc
11:56:40.036 debug: transform url: 'cce:/internal/x/cc' costs: 22.10 ms
11:56:40.037 debug: Resolve cce:/internal/x/cc-fu/2d from cce:/internal/x/cc as external dependency cce:/internal/x/cc-fu/2d.
11:56:40.037 debug: Resolve cce:/internal/x/cc-fu/sorting from cce:/internal/x/cc as external dependency cce:/internal/x/cc-fu/sorting.
11:56:40.038 debug: Resolve cce:/internal/x/cc-fu/3d from cce:/internal/x/cc as external dependency cce:/internal/x/cc-fu/3d.
11:56:40.038 debug: Resolve cce:/internal/x/cc-fu/affine-transform from cce:/internal/x/cc as external dependency cce:/internal/x/cc-fu/affine-transform.
11:56:40.038 debug: Resolve cce:/internal/x/cc-fu/animation from cce:/internal/x/cc as external dependency cce:/internal/x/cc-fu/animation.
11:56:40.038 debug: Resolve cce:/internal/x/cc-fu/audio from cce:/internal/x/cc as external dependency cce:/internal/x/cc-fu/audio.
11:56:40.038 debug: Resolve cce:/internal/x/cc-fu/base from cce:/internal/x/cc as external dependency cce:/internal/x/cc-fu/base.
11:56:40.038 debug: Resolve cce:/internal/x/cc-fu/custom-pipeline from cce:/internal/x/cc as external dependency cce:/internal/x/cc-fu/custom-pipeline.
11:56:40.038 debug: Resolve cce:/internal/x/cc-fu/dragon-bones from cce:/internal/x/cc as external dependency cce:/internal/x/cc-fu/dragon-bones.
11:56:40.038 debug: Resolve cce:/internal/x/cc-fu/gfx-webgl from cce:/internal/x/cc as external dependency cce:/internal/x/cc-fu/gfx-webgl.
11:56:40.038 debug: Resolve cce:/internal/x/cc-fu/graphics from cce:/internal/x/cc as external dependency cce:/internal/x/cc-fu/graphics.
11:56:40.038 debug: Resolve cce:/internal/x/cc-fu/intersection-2d from cce:/internal/x/cc as external dependency cce:/internal/x/cc-fu/intersection-2d.
11:56:40.038 debug: Resolve cce:/internal/x/cc-fu/light-probe from cce:/internal/x/cc as external dependency cce:/internal/x/cc-fu/light-probe.
11:56:40.038 debug: Resolve cce:/internal/x/cc-fu/mask from cce:/internal/x/cc as external dependency cce:/internal/x/cc-fu/mask.
11:56:40.038 debug: Resolve cce:/internal/x/cc-fu/particle from cce:/internal/x/cc as external dependency cce:/internal/x/cc-fu/particle.
11:56:40.038 debug: Resolve cce:/internal/x/cc-fu/particle-2d from cce:/internal/x/cc as external dependency cce:/internal/x/cc-fu/particle-2d.
11:56:40.038 debug: Resolve cce:/internal/x/cc-fu/physics-2d-box2d from cce:/internal/x/cc as external dependency cce:/internal/x/cc-fu/physics-2d-box2d.
11:56:40.038 debug: Resolve cce:/internal/x/cc-fu/physics-2d-framework from cce:/internal/x/cc as external dependency cce:/internal/x/cc-fu/physics-2d-framework.
11:56:40.038 debug: Resolve cce:/internal/x/cc-fu/physics-ammo from cce:/internal/x/cc as external dependency cce:/internal/x/cc-fu/physics-ammo.
11:56:40.038 debug: Resolve cce:/internal/x/cc-fu/physics-framework from cce:/internal/x/cc as external dependency cce:/internal/x/cc-fu/physics-framework.
11:56:40.038 debug: Resolve cce:/internal/x/cc-fu/primitive from cce:/internal/x/cc as external dependency cce:/internal/x/cc-fu/primitive.
11:56:40.038 debug: Resolve cce:/internal/x/cc-fu/profiler from cce:/internal/x/cc as external dependency cce:/internal/x/cc-fu/profiler.
11:56:40.038 debug: Resolve cce:/internal/x/cc-fu/rich-text from cce:/internal/x/cc as external dependency cce:/internal/x/cc-fu/rich-text.
11:56:40.038 debug: Resolve cce:/internal/x/cc-fu/skeletal-animation from cce:/internal/x/cc as external dependency cce:/internal/x/cc-fu/skeletal-animation.
11:56:40.038 debug: Resolve cce:/internal/x/cc-fu/spine from cce:/internal/x/cc as external dependency cce:/internal/x/cc-fu/spine.
11:56:40.038 debug: Resolve cce:/internal/x/cc-fu/terrain from cce:/internal/x/cc as external dependency cce:/internal/x/cc-fu/terrain.
11:56:40.038 debug: Resolve cce:/internal/x/cc-fu/tiled-map from cce:/internal/x/cc as external dependency cce:/internal/x/cc-fu/tiled-map.
11:56:40.039 debug: Resolve cce:/internal/x/cc-fu/tween from cce:/internal/x/cc as external dependency cce:/internal/x/cc-fu/tween.
11:56:40.039 debug: Resolve cce:/internal/x/cc-fu/ui from cce:/internal/x/cc as external dependency cce:/internal/x/cc-fu/ui.
11:56:40.039 debug: Resolve cce:/internal/x/cc-fu/ui-skew from cce:/internal/x/cc as external dependency cce:/internal/x/cc-fu/ui-skew.
11:56:40.039 debug: Resolve cce:/internal/x/cc-fu/video from cce:/internal/x/cc as external dependency cce:/internal/x/cc-fu/video.
11:56:40.039 debug: Resolve cce:/internal/x/cc-fu/webview from cce:/internal/x/cc as external dependency cce:/internal/x/cc-fu/webview.
11:56:40.039 debug: Detected change: cce:/internal/x/prerequisite-imports. Last mtime: Thu Jan 01 1970 07:43:39 GMT+0300 (Москва, стандартное время), Current mtime: Thu Jan 01 1970 03:00:04 GMT+0300 (Москва, стандартное время)
11:56:40.039 debug: Inspect cce:/internal/x/prerequisite-imports
11:56:40.052 debug: transform url: 'cce:/internal/x/prerequisite-imports' costs: 12.30 ms
11:56:40.054 debug: Resolve file:///C:/cocos/CocosDashboard/resources/resources/3d/engine/editor/assets/default_renderpipeline/builtin-dof-pass.ts from cce:/internal/x/prerequisite-imports as file:///C:/cocos/CocosDashboard/resources/resources/3d/engine/editor/assets/default_renderpipeline/builtin-dof-pass.ts.
11:56:40.054 debug: Resolve file:///C:/cocos/CocosDashboard/resources/resources/3d/engine/editor/assets/default_renderpipeline/builtin-pipeline-pass.ts from cce:/internal/x/prerequisite-imports as file:///C:/cocos/CocosDashboard/resources/resources/3d/engine/editor/assets/default_renderpipeline/builtin-pipeline-pass.ts.
11:56:40.055 debug: Resolve file:///C:/cocos/CocosDashboard/resources/resources/3d/engine/editor/assets/default_renderpipeline/builtin-pipeline-settings.ts from cce:/internal/x/prerequisite-imports as file:///C:/cocos/CocosDashboard/resources/resources/3d/engine/editor/assets/default_renderpipeline/builtin-pipeline-settings.ts.
11:56:40.055 debug: Resolve file:///C:/cocos/CocosDashboard/resources/resources/3d/engine/editor/assets/default_renderpipeline/builtin-pipeline-types.ts from cce:/internal/x/prerequisite-imports as file:///C:/cocos/CocosDashboard/resources/resources/3d/engine/editor/assets/default_renderpipeline/builtin-pipeline-types.ts.
11:56:40.056 debug: Resolve file:///C:/cocos/CocosDashboard/resources/resources/3d/engine/editor/assets/default_renderpipeline/builtin-pipeline.ts from cce:/internal/x/prerequisite-imports as file:///C:/cocos/CocosDashboard/resources/resources/3d/engine/editor/assets/default_renderpipeline/builtin-pipeline.ts.
11:56:40.056 debug: Resolve file:///C:/cocos/CocosDashboard/resources/resources/3d/engine/editor/assets/tools/debug-view-runtime-control.ts from cce:/internal/x/prerequisite-imports as file:///C:/cocos/CocosDashboard/resources/resources/3d/engine/editor/assets/tools/debug-view-runtime-control.ts.
11:56:40.057 debug: Resolve file:///C:/cocos/games/NewProject-001/assets/scripts/GridManager.ts from cce:/internal/x/prerequisite-imports as file:///C:/cocos/games/NewProject-001/assets/scripts/GridManager.ts.
11:56:40.057 debug: Detected change: file:///C:/cocos/games/NewProject-001/assets/scripts/GridManager.ts. Last mtime: Tue Apr 07 2026 17:08:22 GMT+0300 (Москва, стандартное время)@554b36f0-39f3-4f14-bb83-d34c1d1c7848, Current mtime: Mon Apr 13 2026 11:55:40 GMT+0300 (Москва, стандартное время)@554b36f0-39f3-4f14-bb83-d34c1d1c7848
11:56:40.057 debug: Inspect file:///C:/cocos/games/NewProject-001/assets/scripts/GridManager.ts
11:56:40.150 debug: transform url: 'file:///C:/cocos/games/NewProject-001/assets/scripts/GridManager.ts' costs: 92.70 ms
11:56:40.152 debug: Resolve file:///C:/cocos/games/NewProject-001/assets/scripts/popupError.ts from cce:/internal/x/prerequisite-imports as file:///C:/cocos/games/NewProject-001/assets/scripts/popupError.ts.
11:56:40.153 debug: Resolve file:///C:/cocos/games/NewProject-001/assets/scripts/utils/findCluster.ts from cce:/internal/x/prerequisite-imports as file:///C:/cocos/games/NewProject-001/assets/scripts/utils/findCluster.ts.
11:56:40.153 debug: Resolve file:///C:/cocos/games/NewProject-001/assets/scripts/utils/spineAnimation.ts from cce:/internal/x/prerequisite-imports as file:///C:/cocos/games/NewProject-001/assets/scripts/utils/spineAnimation.ts.
11:56:40.153 debug: Resolve cce:/internal/code-quality/cr.mjs from file:///C:/cocos/CocosDashboard/resources/resources/3d/engine/editor/assets/default_renderpipeline/builtin-dof-pass.ts as cce:/internal/code-quality/cr.mjs.
11:56:40.154 debug: Detected change: cce:/internal/code-quality/cr.mjs. Last mtime: Tue Apr 07 2026 12:24:45 GMT+0300 (Москва, стандартное время), Current mtime: Mon Apr 13 2026 11:56:35 GMT+0300 (Москва, стандартное время)
11:56:40.154 debug: Inspect cce:/internal/code-quality/cr.mjs
11:56:40.170 debug: transform url: 'cce:/internal/code-quality/cr.mjs' costs: 15.90 ms
11:56:40.171 debug: Resolve cc from file:///C:/cocos/CocosDashboard/resources/resources/3d/engine/editor/assets/default_renderpipeline/builtin-dof-pass.ts as cce:/internal/x/cc.
11:56:40.171 debug: Resolve cc from file:///C:/cocos/CocosDashboard/resources/resources/3d/engine/editor/assets/default_renderpipeline/builtin-dof-pass.ts as cce:/internal/x/cc.
11:56:40.171 debug: Resolve cc from file:///C:/cocos/CocosDashboard/resources/resources/3d/engine/editor/assets/default_renderpipeline/builtin-dof-pass.ts as cce:/internal/x/cc.
11:56:40.171 debug: Resolve cc/env from file:///C:/cocos/CocosDashboard/resources/resources/3d/engine/editor/assets/default_renderpipeline/builtin-dof-pass.ts as external dependency cc/env.
11:56:40.172 debug: Resolve ./builtin-pipeline-settings from file:///C:/cocos/CocosDashboard/resources/resources/3d/engine/editor/assets/default_renderpipeline/builtin-dof-pass.ts as file:///C:/cocos/CocosDashboard/resources/resources/3d/engine/editor/assets/default_renderpipeline/builtin-pipeline-settings.ts.
11:56:40.173 debug: Resolve ./builtin-pipeline-pass from file:///C:/cocos/CocosDashboard/resources/resources/3d/engine/editor/assets/default_renderpipeline/builtin-dof-pass.ts as file:///C:/cocos/CocosDashboard/resources/resources/3d/engine/editor/assets/default_renderpipeline/builtin-pipeline-pass.ts.
11:56:40.173 debug: Resolve ./builtin-pipeline from file:///C:/cocos/CocosDashboard/resources/resources/3d/engine/editor/assets/default_renderpipeline/builtin-dof-pass.ts as file:///C:/cocos/CocosDashboard/resources/resources/3d/engine/editor/assets/default_renderpipeline/builtin-pipeline.ts.
11:56:40.173 debug: Resolve cce:/internal/code-quality/cr.mjs from file:///C:/cocos/CocosDashboard/resources/resources/3d/engine/editor/assets/default_renderpipeline/builtin-pipeline-settings.ts as cce:/internal/code-quality/cr.mjs.
11:56:40.174 debug: Resolve cc from file:///C:/cocos/CocosDashboard/resources/resources/3d/engine/editor/assets/default_renderpipeline/builtin-pipeline-settings.ts as cce:/internal/x/cc.
11:56:40.174 debug: Resolve cc from file:///C:/cocos/CocosDashboard/resources/resources/3d/engine/editor/assets/default_renderpipeline/builtin-pipeline-settings.ts as cce:/internal/x/cc.
11:56:40.174 debug: Resolve cc from file:///C:/cocos/CocosDashboard/resources/resources/3d/engine/editor/assets/default_renderpipeline/builtin-pipeline-settings.ts as cce:/internal/x/cc.
11:56:40.174 debug: Resolve cc/env from file:///C:/cocos/CocosDashboard/resources/resources/3d/engine/editor/assets/default_renderpipeline/builtin-pipeline-settings.ts as external dependency cc/env.
11:56:40.174 debug: Resolve ./builtin-pipeline-types from file:///C:/cocos/CocosDashboard/resources/resources/3d/engine/editor/assets/default_renderpipeline/builtin-pipeline-settings.ts as file:///C:/cocos/CocosDashboard/resources/resources/3d/engine/editor/assets/default_renderpipeline/builtin-pipeline-types.ts.
11:56:40.174 debug: Resolve cc from file:///C:/cocos/CocosDashboard/resources/resources/3d/engine/editor/assets/default_renderpipeline/builtin-pipeline-types.ts as cce:/internal/x/cc.
11:56:40.174 debug: Resolve cc from file:///C:/cocos/CocosDashboard/resources/resources/3d/engine/editor/assets/default_renderpipeline/builtin-pipeline-types.ts as cce:/internal/x/cc.
11:56:40.174 debug: Resolve cc from file:///C:/cocos/CocosDashboard/resources/resources/3d/engine/editor/assets/default_renderpipeline/builtin-pipeline-types.ts as cce:/internal/x/cc.
11:56:40.174 debug: Resolve cce:/internal/code-quality/cr.mjs from file:///C:/cocos/CocosDashboard/resources/resources/3d/engine/editor/assets/default_renderpipeline/builtin-pipeline-pass.ts as cce:/internal/code-quality/cr.mjs.
11:56:40.174 debug: Resolve cc from file:///C:/cocos/CocosDashboard/resources/resources/3d/engine/editor/assets/default_renderpipeline/builtin-pipeline-pass.ts as cce:/internal/x/cc.
11:56:40.174 debug: Resolve cc from file:///C:/cocos/CocosDashboard/resources/resources/3d/engine/editor/assets/default_renderpipeline/builtin-pipeline-pass.ts as cce:/internal/x/cc.
11:56:40.174 debug: Resolve cc from file:///C:/cocos/CocosDashboard/resources/resources/3d/engine/editor/assets/default_renderpipeline/builtin-pipeline-pass.ts as cce:/internal/x/cc.
11:56:40.175 debug: Resolve ./builtin-pipeline-settings from file:///C:/cocos/CocosDashboard/resources/resources/3d/engine/editor/assets/default_renderpipeline/builtin-pipeline-pass.ts as file:///C:/cocos/CocosDashboard/resources/resources/3d/engine/editor/assets/default_renderpipeline/builtin-pipeline-settings.ts.
11:56:40.175 debug: Resolve cc/env from file:///C:/cocos/CocosDashboard/resources/resources/3d/engine/editor/assets/default_renderpipeline/builtin-pipeline-pass.ts as external dependency cc/env.
11:56:40.175 debug: Resolve cce:/internal/code-quality/cr.mjs from file:///C:/cocos/CocosDashboard/resources/resources/3d/engine/editor/assets/default_renderpipeline/builtin-pipeline.ts as cce:/internal/code-quality/cr.mjs.
11:56:40.175 debug: Resolve cc from file:///C:/cocos/CocosDashboard/resources/resources/3d/engine/editor/assets/default_renderpipeline/builtin-pipeline.ts as cce:/internal/x/cc.
11:56:40.175 debug: Resolve cc from file:///C:/cocos/CocosDashboard/resources/resources/3d/engine/editor/assets/default_renderpipeline/builtin-pipeline.ts as cce:/internal/x/cc.
11:56:40.175 debug: Resolve cc from file:///C:/cocos/CocosDashboard/resources/resources/3d/engine/editor/assets/default_renderpipeline/builtin-pipeline.ts as cce:/internal/x/cc.
11:56:40.175 debug: Resolve cc/env from file:///C:/cocos/CocosDashboard/resources/resources/3d/engine/editor/assets/default_renderpipeline/builtin-pipeline.ts as external dependency cc/env.
11:56:40.175 debug: Resolve ./builtin-pipeline-types from file:///C:/cocos/CocosDashboard/resources/resources/3d/engine/editor/assets/default_renderpipeline/builtin-pipeline.ts as file:///C:/cocos/CocosDashboard/resources/resources/3d/engine/editor/assets/default_renderpipeline/builtin-pipeline-types.ts.
11:56:40.175 debug: Resolve cc from file:///C:/cocos/CocosDashboard/resources/resources/3d/engine/editor/assets/tools/debug-view-runtime-control.ts as cce:/internal/x/cc.
11:56:40.175 debug: Resolve cc from file:///C:/cocos/CocosDashboard/resources/resources/3d/engine/editor/assets/tools/debug-view-runtime-control.ts as cce:/internal/x/cc.
11:56:40.175 debug: Resolve cc from file:///C:/cocos/CocosDashboard/resources/resources/3d/engine/editor/assets/tools/debug-view-runtime-control.ts as cce:/internal/x/cc.
11:56:40.175 debug: Resolve cce:/internal/code-quality/cr.mjs from file:///C:/cocos/games/NewProject-001/assets/scripts/GridManager.ts as cce:/internal/code-quality/cr.mjs.
11:56:40.175 debug: Resolve cc from file:///C:/cocos/games/NewProject-001/assets/scripts/GridManager.ts as cce:/internal/x/cc.
11:56:40.176 debug: Resolve cc from file:///C:/cocos/games/NewProject-001/assets/scripts/GridManager.ts as cce:/internal/x/cc.
11:56:40.176 debug: Resolve cc from file:///C:/cocos/games/NewProject-001/assets/scripts/GridManager.ts as cce:/internal/x/cc.
11:56:40.176 debug: Resolve ./utils/findCluster from file:///C:/cocos/games/NewProject-001/assets/scripts/GridManager.ts as file:///C:/cocos/games/NewProject-001/assets/scripts/utils/findCluster.ts.
11:56:40.176 debug: Resolve cc from file:///C:/cocos/games/NewProject-001/assets/scripts/utils/findCluster.ts as cce:/internal/x/cc.
11:56:40.176 debug: Resolve cc from file:///C:/cocos/games/NewProject-001/assets/scripts/utils/findCluster.ts as cce:/internal/x/cc.
11:56:40.176 debug: Resolve cc from file:///C:/cocos/games/NewProject-001/assets/scripts/utils/findCluster.ts as cce:/internal/x/cc.
11:56:40.176 debug: Resolve cc from file:///C:/cocos/games/NewProject-001/assets/scripts/popupError.ts as cce:/internal/x/cc.
11:56:40.176 debug: Resolve cc from file:///C:/cocos/games/NewProject-001/assets/scripts/popupError.ts as cce:/internal/x/cc.
11:56:40.176 debug: Resolve cc from file:///C:/cocos/games/NewProject-001/assets/scripts/popupError.ts as cce:/internal/x/cc.
11:56:40.176 debug: Resolve cc from file:///C:/cocos/games/NewProject-001/assets/scripts/utils/spineAnimation.ts as cce:/internal/x/cc.
11:56:40.176 debug: Resolve cc from file:///C:/cocos/games/NewProject-001/assets/scripts/utils/spineAnimation.ts as cce:/internal/x/cc.
11:56:40.176 debug: Resolve cc from file:///C:/cocos/games/NewProject-001/assets/scripts/utils/spineAnimation.ts as cce:/internal/x/cc.
11:56:40.187 debug: Target(preview) ends with cost 174.70390000000043ms.
11:56:40.632 debug: Pulling asset-db.
11:56:41.046 debug: Fetch asset-db cost: 413.4445999999998ms.
11:56:41.047 debug: Build iteration starts.
Number of accumulated asset changes: 10
Feature changed: false
11:56:41.047 debug: Target(editor) build started.
11:56:41.048 debug: Detected change: cce:/internal/x/prerequisite-imports. Last mtime: Thu Jan 01 1970 03:00:04 GMT+0300 (Москва, стандартное время), Current mtime: Thu Jan 01 1970 03:00:05 GMT+0300 (Москва, стандартное время)
11:56:41.048 debug: Inspect cce:/internal/x/prerequisite-imports
11:56:41.058 debug: transform url: 'cce:/internal/x/prerequisite-imports' costs: 9.90 ms
11:56:41.061 debug: Resolve file:///C:/cocos/CocosDashboard/resources/resources/3d/engine/editor/assets/default_renderpipeline/builtin-dof-pass.ts from cce:/internal/x/prerequisite-imports as file:///C:/cocos/CocosDashboard/resources/resources/3d/engine/editor/assets/default_renderpipeline/builtin-dof-pass.ts.
11:56:41.061 debug: Resolve file:///C:/cocos/CocosDashboard/resources/resources/3d/engine/editor/assets/default_renderpipeline/builtin-pipeline-pass.ts from cce:/internal/x/prerequisite-imports as file:///C:/cocos/CocosDashboard/resources/resources/3d/engine/editor/assets/default_renderpipeline/builtin-pipeline-pass.ts.
11:56:41.061 debug: Resolve file:///C:/cocos/CocosDashboard/resources/resources/3d/engine/editor/assets/default_renderpipeline/builtin-pipeline-settings.ts from cce:/internal/x/prerequisite-imports as file:///C:/cocos/CocosDashboard/resources/resources/3d/engine/editor/assets/default_renderpipeline/builtin-pipeline-settings.ts.
11:56:41.062 debug: Resolve file:///C:/cocos/CocosDashboard/resources/resources/3d/engine/editor/assets/default_renderpipeline/builtin-pipeline-types.ts from cce:/internal/x/prerequisite-imports as file:///C:/cocos/CocosDashboard/resources/resources/3d/engine/editor/assets/default_renderpipeline/builtin-pipeline-types.ts.
11:56:41.062 debug: Resolve file:///C:/cocos/CocosDashboard/resources/resources/3d/engine/editor/assets/default_renderpipeline/builtin-pipeline.ts from cce:/internal/x/prerequisite-imports as file:///C:/cocos/CocosDashboard/resources/resources/3d/engine/editor/assets/default_renderpipeline/builtin-pipeline.ts.
11:56:41.063 debug: Resolve file:///C:/cocos/CocosDashboard/resources/resources/3d/engine/editor/assets/tools/debug-view-runtime-control.ts from cce:/internal/x/prerequisite-imports as file:///C:/cocos/CocosDashboard/resources/resources/3d/engine/editor/assets/tools/debug-view-runtime-control.ts.
11:56:41.063 debug: Resolve file:///C:/cocos/games/NewProject-001/assets/scripts/GridManager.ts from cce:/internal/x/prerequisite-imports as file:///C:/cocos/games/NewProject-001/assets/scripts/GridManager.ts.
11:56:41.063 debug: Resolve file:///C:/cocos/games/NewProject-001/assets/scripts/popupError.ts from cce:/internal/x/prerequisite-imports as file:///C:/cocos/games/NewProject-001/assets/scripts/popupError.ts.
11:56:41.063 debug: Resolve file:///C:/cocos/games/NewProject-001/assets/scripts/utils/findCluster.ts from cce:/internal/x/prerequisite-imports as file:///C:/cocos/games/NewProject-001/assets/scripts/utils/findCluster.ts.
11:56:41.064 debug: Resolve file:///C:/cocos/games/NewProject-001/assets/scripts/utils/spineAnimation.ts from cce:/internal/x/prerequisite-imports as file:///C:/cocos/games/NewProject-001/assets/scripts/utils/spineAnimation.ts.
11:56:41.074 debug: Target(editor) ends with cost 26.621399999999994ms.
11:56:41.075 debug: Target(preview) build started.
11:56:41.076 debug: Detected change: cce:/internal/x/prerequisite-imports. Last mtime: Thu Jan 01 1970 03:00:04 GMT+0300 (Москва, стандартное время), Current mtime: Thu Jan 01 1970 03:00:05 GMT+0300 (Москва, стандартное время)
11:56:41.076 debug: Inspect cce:/internal/x/prerequisite-imports
11:56:41.085 debug: transform url: 'cce:/internal/x/prerequisite-imports' costs: 8.80 ms
11:56:41.092 debug: Resolve file:///C:/cocos/CocosDashboard/resources/resources/3d/engine/editor/assets/default_renderpipeline/builtin-dof-pass.ts from cce:/internal/x/prerequisite-imports as file:///C:/cocos/CocosDashboard/resources/resources/3d/engine/editor/assets/default_renderpipeline/builtin-dof-pass.ts.
11:56:41.093 debug: Resolve file:///C:/cocos/CocosDashboard/resources/resources/3d/engine/editor/assets/default_renderpipeline/builtin-pipeline-pass.ts from cce:/internal/x/prerequisite-imports as file:///C:/cocos/CocosDashboard/resources/resources/3d/engine/editor/assets/default_renderpipeline/builtin-pipeline-pass.ts.
11:56:41.093 debug: Resolve file:///C:/cocos/CocosDashboard/resources/resources/3d/engine/editor/assets/default_renderpipeline/builtin-pipeline-settings.ts from cce:/internal/x/prerequisite-imports as file:///C:/cocos/CocosDashboard/resources/resources/3d/engine/editor/assets/default_renderpipeline/builtin-pipeline-settings.ts.
11:56:41.094 debug: Resolve file:///C:/cocos/CocosDashboard/resources/resources/3d/engine/editor/assets/default_renderpipeline/builtin-pipeline-types.ts from cce:/internal/x/prerequisite-imports as file:///C:/cocos/CocosDashboard/resources/resources/3d/engine/editor/assets/default_renderpipeline/builtin-pipeline-types.ts.
11:56:41.094 debug: Resolve file:///C:/cocos/CocosDashboard/resources/resources/3d/engine/editor/assets/default_renderpipeline/builtin-pipeline.ts from cce:/internal/x/prerequisite-imports as file:///C:/cocos/CocosDashboard/resources/resources/3d/engine/editor/assets/default_renderpipeline/builtin-pipeline.ts.
11:56:41.096 debug: Resolve file:///C:/cocos/CocosDashboard/resources/resources/3d/engine/editor/assets/tools/debug-view-runtime-control.ts from cce:/internal/x/prerequisite-imports as file:///C:/cocos/CocosDashboard/resources/resources/3d/engine/editor/assets/tools/debug-view-runtime-control.ts.
11:56:41.096 debug: Resolve file:///C:/cocos/games/NewProject-001/assets/scripts/GridManager.ts from cce:/internal/x/prerequisite-imports as file:///C:/cocos/games/NewProject-001/assets/scripts/GridManager.ts.
11:56:41.096 debug: Resolve file:///C:/cocos/games/NewProject-001/assets/scripts/popupError.ts from cce:/internal/x/prerequisite-imports as file:///C:/cocos/games/NewProject-001/assets/scripts/popupError.ts.
11:56:41.097 debug: Resolve file:///C:/cocos/games/NewProject-001/assets/scripts/utils/findCluster.ts from cce:/internal/x/prerequisite-imports as file:///C:/cocos/games/NewProject-001/assets/scripts/utils/findCluster.ts.
11:56:41.097 debug: Resolve file:///C:/cocos/games/NewProject-001/assets/scripts/utils/spineAnimation.ts from cce:/internal/x/prerequisite-imports as file:///C:/cocos/games/NewProject-001/assets/scripts/utils/spineAnimation.ts.
11:56:41.109 debug: Target(preview) ends with cost 34.300099999999475ms.
12:04:03.291 debug: Dispatch build request for time accumulated 1 asset changes.
12:04:03.293 debug: Build iteration starts.
Number of accumulated asset changes: 1
Feature changed: false
12:04:03.293 debug: Target(editor) build started.
12:04:03.297 debug: Detected change: cce:/internal/x/prerequisite-imports. Last mtime: Thu Jan 01 1970 03:00:05 GMT+0300 (Москва, стандартное время), Current mtime: Thu Jan 01 1970 03:07:28 GMT+0300 (Москва, стандартное время)
12:04:03.297 debug: Inspect cce:/internal/x/prerequisite-imports
12:04:03.311 debug: transform url: 'cce:/internal/x/prerequisite-imports' costs: 13.70 ms
12:04:03.313 debug: Resolve file:///C:/cocos/CocosDashboard/resources/resources/3d/engine/editor/assets/default_renderpipeline/builtin-dof-pass.ts from cce:/internal/x/prerequisite-imports as file:///C:/cocos/CocosDashboard/resources/resources/3d/engine/editor/assets/default_renderpipeline/builtin-dof-pass.ts.
12:04:03.313 debug: Resolve file:///C:/cocos/CocosDashboard/resources/resources/3d/engine/editor/assets/default_renderpipeline/builtin-pipeline-pass.ts from cce:/internal/x/prerequisite-imports as file:///C:/cocos/CocosDashboard/resources/resources/3d/engine/editor/assets/default_renderpipeline/builtin-pipeline-pass.ts.
12:04:03.314 debug: Resolve file:///C:/cocos/CocosDashboard/resources/resources/3d/engine/editor/assets/default_renderpipeline/builtin-pipeline-settings.ts from cce:/internal/x/prerequisite-imports as file:///C:/cocos/CocosDashboard/resources/resources/3d/engine/editor/assets/default_renderpipeline/builtin-pipeline-settings.ts.
12:04:03.314 debug: Resolve file:///C:/cocos/CocosDashboard/resources/resources/3d/engine/editor/assets/default_renderpipeline/builtin-pipeline-types.ts from cce:/internal/x/prerequisite-imports as file:///C:/cocos/CocosDashboard/resources/resources/3d/engine/editor/assets/default_renderpipeline/builtin-pipeline-types.ts.
12:04:03.315 debug: Resolve file:///C:/cocos/CocosDashboard/resources/resources/3d/engine/editor/assets/default_renderpipeline/builtin-pipeline.ts from cce:/internal/x/prerequisite-imports as file:///C:/cocos/CocosDashboard/resources/resources/3d/engine/editor/assets/default_renderpipeline/builtin-pipeline.ts.
12:04:03.315 debug: Resolve file:///C:/cocos/CocosDashboard/resources/resources/3d/engine/editor/assets/tools/debug-view-runtime-control.ts from cce:/internal/x/prerequisite-imports as file:///C:/cocos/CocosDashboard/resources/resources/3d/engine/editor/assets/tools/debug-view-runtime-control.ts.
12:04:03.315 debug: Resolve file:///C:/cocos/games/NewProject-001/assets/scripts/GridManager.ts from cce:/internal/x/prerequisite-imports as file:///C:/cocos/games/NewProject-001/assets/scripts/GridManager.ts.
12:04:03.315 debug: Resolve file:///C:/cocos/games/NewProject-001/assets/scripts/popupError.ts from cce:/internal/x/prerequisite-imports as file:///C:/cocos/games/NewProject-001/assets/scripts/popupError.ts.
12:04:03.316 debug: Resolve file:///C:/cocos/games/NewProject-001/assets/scripts/utils/findCluster.ts from cce:/internal/x/prerequisite-imports as file:///C:/cocos/games/NewProject-001/assets/scripts/utils/findCluster.ts.
12:04:03.316 debug: Resolve file:///C:/cocos/games/NewProject-001/assets/scripts/utils/parameters.ts from cce:/internal/x/prerequisite-imports as file:///C:/cocos/games/NewProject-001/assets/scripts/utils/parameters.ts.
12:04:03.316 debug: Inspect file:///C:/cocos/games/NewProject-001/assets/scripts/utils/parameters.ts
12:04:03.335 debug: transform url: 'file:///C:/cocos/games/NewProject-001/assets/scripts/utils/parameters.ts' costs: 19.60 ms
12:04:03.338 debug: Resolve file:///C:/cocos/games/NewProject-001/assets/scripts/utils/spineAnimation.ts from cce:/internal/x/prerequisite-imports as file:///C:/cocos/games/NewProject-001/assets/scripts/utils/spineAnimation.ts.
12:04:03.338 debug: Resolve cc from file:///C:/cocos/games/NewProject-001/assets/scripts/utils/parameters.ts as cce:/internal/x/cc.
12:04:03.338 debug: Resolve cc from file:///C:/cocos/games/NewProject-001/assets/scripts/utils/parameters.ts as cce:/internal/x/cc.
12:04:03.338 debug: Resolve cc from file:///C:/cocos/games/NewProject-001/assets/scripts/utils/parameters.ts as cce:/internal/x/cc.
12:04:03.350 debug: Target(editor) ends with cost 56.804300000017975ms.
12:04:03.350 debug: Target(preview) build started.
12:04:03.352 debug: Detected change: cce:/internal/x/prerequisite-imports. Last mtime: Thu Jan 01 1970 03:00:05 GMT+0300 (Москва, стандартное время), Current mtime: Thu Jan 01 1970 03:07:28 GMT+0300 (Москва, стандартное время)
12:04:03.352 debug: Inspect cce:/internal/x/prerequisite-imports
12:04:03.368 debug: transform url: 'cce:/internal/x/prerequisite-imports' costs: 15.40 ms
12:04:03.370 debug: Resolve file:///C:/cocos/CocosDashboard/resources/resources/3d/engine/editor/assets/default_renderpipeline/builtin-dof-pass.ts from cce:/internal/x/prerequisite-imports as file:///C:/cocos/CocosDashboard/resources/resources/3d/engine/editor/assets/default_renderpipeline/builtin-dof-pass.ts.
12:04:03.370 debug: Resolve file:///C:/cocos/CocosDashboard/resources/resources/3d/engine/editor/assets/default_renderpipeline/builtin-pipeline-pass.ts from cce:/internal/x/prerequisite-imports as file:///C:/cocos/CocosDashboard/resources/resources/3d/engine/editor/assets/default_renderpipeline/builtin-pipeline-pass.ts.
12:04:03.371 debug: Resolve file:///C:/cocos/CocosDashboard/resources/resources/3d/engine/editor/assets/default_renderpipeline/builtin-pipeline-settings.ts from cce:/internal/x/prerequisite-imports as file:///C:/cocos/CocosDashboard/resources/resources/3d/engine/editor/assets/default_renderpipeline/builtin-pipeline-settings.ts.
12:04:03.371 debug: Resolve file:///C:/cocos/CocosDashboard/resources/resources/3d/engine/editor/assets/default_renderpipeline/builtin-pipeline-types.ts from cce:/internal/x/prerequisite-imports as file:///C:/cocos/CocosDashboard/resources/resources/3d/engine/editor/assets/default_renderpipeline/builtin-pipeline-types.ts.
12:04:03.372 debug: Resolve file:///C:/cocos/CocosDashboard/resources/resources/3d/engine/editor/assets/default_renderpipeline/builtin-pipeline.ts from cce:/internal/x/prerequisite-imports as file:///C:/cocos/CocosDashboard/resources/resources/3d/engine/editor/assets/default_renderpipeline/builtin-pipeline.ts.
12:04:03.372 debug: Resolve file:///C:/cocos/CocosDashboard/resources/resources/3d/engine/editor/assets/tools/debug-view-runtime-control.ts from cce:/internal/x/prerequisite-imports as file:///C:/cocos/CocosDashboard/resources/resources/3d/engine/editor/assets/tools/debug-view-runtime-control.ts.
12:04:03.373 debug: Resolve file:///C:/cocos/games/NewProject-001/assets/scripts/GridManager.ts from cce:/internal/x/prerequisite-imports as file:///C:/cocos/games/NewProject-001/assets/scripts/GridManager.ts.
12:04:03.373 debug: Resolve file:///C:/cocos/games/NewProject-001/assets/scripts/popupError.ts from cce:/internal/x/prerequisite-imports as file:///C:/cocos/games/NewProject-001/assets/scripts/popupError.ts.
12:04:03.374 debug: Resolve file:///C:/cocos/games/NewProject-001/assets/scripts/utils/findCluster.ts from cce:/internal/x/prerequisite-imports as file:///C:/cocos/games/NewProject-001/assets/scripts/utils/findCluster.ts.
12:04:03.374 debug: Resolve file:///C:/cocos/games/NewProject-001/assets/scripts/utils/parameters.ts from cce:/internal/x/prerequisite-imports as file:///C:/cocos/games/NewProject-001/assets/scripts/utils/parameters.ts.
12:04:03.374 debug: Inspect file:///C:/cocos/games/NewProject-001/assets/scripts/utils/parameters.ts
12:04:03.398 debug: transform url: 'file:///C:/cocos/games/NewProject-001/assets/scripts/utils/parameters.ts' costs: 24.00 ms
12:04:03.400 debug: Resolve file:///C:/cocos/games/NewProject-001/assets/scripts/utils/spineAnimation.ts from cce:/internal/x/prerequisite-imports as file:///C:/cocos/games/NewProject-001/assets/scripts/utils/spineAnimation.ts.
12:04:03.401 debug: Resolve cc from file:///C:/cocos/games/NewProject-001/assets/scripts/utils/parameters.ts as cce:/internal/x/cc.
12:04:03.401 debug: Resolve cc from file:///C:/cocos/games/NewProject-001/assets/scripts/utils/parameters.ts as cce:/internal/x/cc.
12:04:03.401 debug: Resolve cc from file:///C:/cocos/games/NewProject-001/assets/scripts/utils/parameters.ts as cce:/internal/x/cc.
12:04:03.416 debug: Target(preview) ends with cost 65.7045999999973ms.
13:28:09.770 debug: Dispatch build request for time accumulated 2 asset changes.
13:28:09.772 debug: Build iteration starts.
Number of accumulated asset changes: 2
Feature changed: false
13:28:09.772 debug: Target(editor) build started.
13:28:09.774 debug: Detected change: cce:/internal/x/prerequisite-imports. Last mtime: Thu Jan 01 1970 03:07:28 GMT+0300 (Москва, стандартное время), Current mtime: Thu Jan 01 1970 04:31:34 GMT+0300 (Москва, стандартное время)
13:28:09.774 debug: Inspect cce:/internal/x/prerequisite-imports
13:28:09.785 debug: transform url: 'cce:/internal/x/prerequisite-imports' costs: 10.50 ms
13:28:09.787 debug: Resolve file:///C:/cocos/CocosDashboard/resources/resources/3d/engine/editor/assets/default_renderpipeline/builtin-dof-pass.ts from cce:/internal/x/prerequisite-imports as file:///C:/cocos/CocosDashboard/resources/resources/3d/engine/editor/assets/default_renderpipeline/builtin-dof-pass.ts.
13:28:09.787 debug: Resolve file:///C:/cocos/CocosDashboard/resources/resources/3d/engine/editor/assets/default_renderpipeline/builtin-pipeline-pass.ts from cce:/internal/x/prerequisite-imports as file:///C:/cocos/CocosDashboard/resources/resources/3d/engine/editor/assets/default_renderpipeline/builtin-pipeline-pass.ts.
13:28:09.788 debug: Resolve file:///C:/cocos/CocosDashboard/resources/resources/3d/engine/editor/assets/default_renderpipeline/builtin-pipeline-settings.ts from cce:/internal/x/prerequisite-imports as file:///C:/cocos/CocosDashboard/resources/resources/3d/engine/editor/assets/default_renderpipeline/builtin-pipeline-settings.ts.
13:28:09.788 debug: Resolve file:///C:/cocos/CocosDashboard/resources/resources/3d/engine/editor/assets/default_renderpipeline/builtin-pipeline-types.ts from cce:/internal/x/prerequisite-imports as file:///C:/cocos/CocosDashboard/resources/resources/3d/engine/editor/assets/default_renderpipeline/builtin-pipeline-types.ts.
13:28:09.788 debug: Resolve file:///C:/cocos/CocosDashboard/resources/resources/3d/engine/editor/assets/default_renderpipeline/builtin-pipeline.ts from cce:/internal/x/prerequisite-imports as file:///C:/cocos/CocosDashboard/resources/resources/3d/engine/editor/assets/default_renderpipeline/builtin-pipeline.ts.
13:28:09.789 debug: Resolve file:///C:/cocos/CocosDashboard/resources/resources/3d/engine/editor/assets/tools/debug-view-runtime-control.ts from cce:/internal/x/prerequisite-imports as file:///C:/cocos/CocosDashboard/resources/resources/3d/engine/editor/assets/tools/debug-view-runtime-control.ts.
13:28:09.789 debug: Resolve file:///C:/cocos/games/NewProject-001/assets/scripts/GridManager.ts from cce:/internal/x/prerequisite-imports as file:///C:/cocos/games/NewProject-001/assets/scripts/GridManager.ts.
13:28:09.789 debug: Detected change: file:///C:/cocos/games/NewProject-001/assets/scripts/GridManager.ts. Last mtime: Mon Apr 13 2026 11:55:40 GMT+0300 (Москва, стандартное время)@554b36f0-39f3-4f14-bb83-d34c1d1c7848, Current mtime: Mon Apr 13 2026 13:28:08 GMT+0300 (Москва, стандартное время)@554b36f0-39f3-4f14-bb83-d34c1d1c7848
13:28:09.789 debug: Inspect file:///C:/cocos/games/NewProject-001/assets/scripts/GridManager.ts
13:28:09.851 debug: transform url: 'file:///C:/cocos/games/NewProject-001/assets/scripts/GridManager.ts' costs: 61.90 ms
13:28:09.853 debug: Resolve file:///C:/cocos/games/NewProject-001/assets/scripts/popupError.ts from cce:/internal/x/prerequisite-imports as file:///C:/cocos/games/NewProject-001/assets/scripts/popupError.ts.
13:28:09.854 debug: Resolve file:///C:/cocos/games/NewProject-001/assets/scripts/utils/findCluster.ts from cce:/internal/x/prerequisite-imports as file:///C:/cocos/games/NewProject-001/assets/scripts/utils/findCluster.ts.
13:28:09.854 debug: Resolve file:///C:/cocos/games/NewProject-001/assets/scripts/utils/parameters.ts from cce:/internal/x/prerequisite-imports as file:///C:/cocos/games/NewProject-001/assets/scripts/utils/parameters.ts.
13:28:09.854 debug: Detected change: file:///C:/cocos/games/NewProject-001/assets/scripts/utils/parameters.ts. Last mtime: Mon Apr 13 2026 12:04:03 GMT+0300 (Москва, стандартное время)@db711909-e3d6-4519-b260-8f71f07928e7, Current mtime: Mon Apr 13 2026 13:19:38 GMT+0300 (Москва, стандартное время)@db711909-e3d6-4519-b260-8f71f07928e7
13:28:09.854 debug: Inspect file:///C:/cocos/games/NewProject-001/assets/scripts/utils/parameters.ts
13:28:09.871 debug: transform url: 'file:///C:/cocos/games/NewProject-001/assets/scripts/utils/parameters.ts' costs: 16.60 ms
13:28:09.873 debug: Resolve file:///C:/cocos/games/NewProject-001/assets/scripts/utils/spineAnimation.ts from cce:/internal/x/prerequisite-imports as file:///C:/cocos/games/NewProject-001/assets/scripts/utils/spineAnimation.ts.
13:28:09.874 debug: Resolve cce:/internal/code-quality/cr.mjs from file:///C:/cocos/games/NewProject-001/assets/scripts/GridManager.ts as cce:/internal/code-quality/cr.mjs.
13:28:09.874 debug: Resolve cc from file:///C:/cocos/games/NewProject-001/assets/scripts/GridManager.ts as cce:/internal/x/cc.
13:28:09.874 debug: Resolve cc from file:///C:/cocos/games/NewProject-001/assets/scripts/GridManager.ts as cce:/internal/x/cc.
13:28:09.874 debug: Resolve cc from file:///C:/cocos/games/NewProject-001/assets/scripts/GridManager.ts as cce:/internal/x/cc.
13:28:09.874 debug: Resolve ./utils/findCluster from file:///C:/cocos/games/NewProject-001/assets/scripts/GridManager.ts as file:///C:/cocos/games/NewProject-001/assets/scripts/utils/findCluster.ts.
13:28:09.874 debug: Resolve cc from file:///C:/cocos/games/NewProject-001/assets/scripts/utils/parameters.ts as cce:/internal/x/cc.
13:28:09.874 debug: Resolve cc from file:///C:/cocos/games/NewProject-001/assets/scripts/utils/parameters.ts as cce:/internal/x/cc.
13:28:09.874 debug: Resolve cc from file:///C:/cocos/games/NewProject-001/assets/scripts/utils/parameters.ts as cce:/internal/x/cc.
13:28:09.883 debug: Target(editor) ends with cost 111.21030000038445ms.
13:28:09.884 debug: Target(preview) build started.
13:28:09.885 debug: Detected change: cce:/internal/x/prerequisite-imports. Last mtime: Thu Jan 01 1970 03:07:28 GMT+0300 (Москва, стандартное время), Current mtime: Thu Jan 01 1970 04:31:34 GMT+0300 (Москва, стандартное время)
13:28:09.885 debug: Inspect cce:/internal/x/prerequisite-imports
13:28:09.898 debug: transform url: 'cce:/internal/x/prerequisite-imports' costs: 13.10 ms
13:28:09.900 debug: Resolve file:///C:/cocos/CocosDashboard/resources/resources/3d/engine/editor/assets/default_renderpipeline/builtin-dof-pass.ts from cce:/internal/x/prerequisite-imports as file:///C:/cocos/CocosDashboard/resources/resources/3d/engine/editor/assets/default_renderpipeline/builtin-dof-pass.ts.
13:28:09.900 debug: Resolve file:///C:/cocos/CocosDashboard/resources/resources/3d/engine/editor/assets/default_renderpipeline/builtin-pipeline-pass.ts from cce:/internal/x/prerequisite-imports as file:///C:/cocos/CocosDashboard/resources/resources/3d/engine/editor/assets/default_renderpipeline/builtin-pipeline-pass.ts.
13:28:09.901 debug: Resolve file:///C:/cocos/CocosDashboard/resources/resources/3d/engine/editor/assets/default_renderpipeline/builtin-pipeline-settings.ts from cce:/internal/x/prerequisite-imports as file:///C:/cocos/CocosDashboard/resources/resources/3d/engine/editor/assets/default_renderpipeline/builtin-pipeline-settings.ts.
13:28:09.901 debug: Resolve file:///C:/cocos/CocosDashboard/resources/resources/3d/engine/editor/assets/default_renderpipeline/builtin-pipeline-types.ts from cce:/internal/x/prerequisite-imports as file:///C:/cocos/CocosDashboard/resources/resources/3d/engine/editor/assets/default_renderpipeline/builtin-pipeline-types.ts.
13:28:09.902 debug: Resolve file:///C:/cocos/CocosDashboard/resources/resources/3d/engine/editor/assets/default_renderpipeline/builtin-pipeline.ts from cce:/internal/x/prerequisite-imports as file:///C:/cocos/CocosDashboard/resources/resources/3d/engine/editor/assets/default_renderpipeline/builtin-pipeline.ts.
13:28:09.903 debug: Resolve file:///C:/cocos/CocosDashboard/resources/resources/3d/engine/editor/assets/tools/debug-view-runtime-control.ts from cce:/internal/x/prerequisite-imports as file:///C:/cocos/CocosDashboard/resources/resources/3d/engine/editor/assets/tools/debug-view-runtime-control.ts.
13:28:09.903 debug: Resolve file:///C:/cocos/games/NewProject-001/assets/scripts/GridManager.ts from cce:/internal/x/prerequisite-imports as file:///C:/cocos/games/NewProject-001/assets/scripts/GridManager.ts.
13:28:09.904 debug: Detected change: file:///C:/cocos/games/NewProject-001/assets/scripts/GridManager.ts. Last mtime: Mon Apr 13 2026 11:55:40 GMT+0300 (Москва, стандартное время)@554b36f0-39f3-4f14-bb83-d34c1d1c7848, Current mtime: Mon Apr 13 2026 13:28:08 GMT+0300 (Москва, стандартное время)@554b36f0-39f3-4f14-bb83-d34c1d1c7848
13:28:09.904 debug: Inspect file:///C:/cocos/games/NewProject-001/assets/scripts/GridManager.ts
13:28:09.984 debug: transform url: 'file:///C:/cocos/games/NewProject-001/assets/scripts/GridManager.ts' costs: 80.50 ms
13:28:09.987 debug: Resolve file:///C:/cocos/games/NewProject-001/assets/scripts/popupError.ts from cce:/internal/x/prerequisite-imports as file:///C:/cocos/games/NewProject-001/assets/scripts/popupError.ts.
13:28:09.987 debug: Resolve file:///C:/cocos/games/NewProject-001/assets/scripts/utils/findCluster.ts from cce:/internal/x/prerequisite-imports as file:///C:/cocos/games/NewProject-001/assets/scripts/utils/findCluster.ts.
13:28:09.988 debug: Resolve file:///C:/cocos/games/NewProject-001/assets/scripts/utils/parameters.ts from cce:/internal/x/prerequisite-imports as file:///C:/cocos/games/NewProject-001/assets/scripts/utils/parameters.ts.
13:28:09.989 debug: Detected change: file:///C:/cocos/games/NewProject-001/assets/scripts/utils/parameters.ts. Last mtime: Mon Apr 13 2026 12:04:03 GMT+0300 (Москва, стандартное время)@db711909-e3d6-4519-b260-8f71f07928e7, Current mtime: Mon Apr 13 2026 13:19:38 GMT+0300 (Москва, стандартное время)@db711909-e3d6-4519-b260-8f71f07928e7
13:28:09.989 debug: Inspect file:///C:/cocos/games/NewProject-001/assets/scripts/utils/parameters.ts
13:28:10.012 debug: transform url: 'file:///C:/cocos/games/NewProject-001/assets/scripts/utils/parameters.ts' costs: 22.90 ms
13:28:10.014 debug: Resolve file:///C:/cocos/games/NewProject-001/assets/scripts/utils/spineAnimation.ts from cce:/internal/x/prerequisite-imports as file:///C:/cocos/games/NewProject-001/assets/scripts/utils/spineAnimation.ts.
13:28:10.015 debug: Resolve cce:/internal/code-quality/cr.mjs from file:///C:/cocos/games/NewProject-001/assets/scripts/GridManager.ts as cce:/internal/code-quality/cr.mjs.
13:28:10.015 debug: Resolve cc from file:///C:/cocos/games/NewProject-001/assets/scripts/GridManager.ts as cce:/internal/x/cc.
13:28:10.015 debug: Resolve cc from file:///C:/cocos/games/NewProject-001/assets/scripts/GridManager.ts as cce:/internal/x/cc.
13:28:10.015 debug: Resolve cc from file:///C:/cocos/games/NewProject-001/assets/scripts/GridManager.ts as cce:/internal/x/cc.
13:28:10.015 debug: Resolve ./utils/findCluster from file:///C:/cocos/games/NewProject-001/assets/scripts/GridManager.ts as file:///C:/cocos/games/NewProject-001/assets/scripts/utils/findCluster.ts.
13:28:10.015 debug: Resolve cc from file:///C:/cocos/games/NewProject-001/assets/scripts/utils/parameters.ts as cce:/internal/x/cc.
13:28:10.015 debug: Resolve cc from file:///C:/cocos/games/NewProject-001/assets/scripts/utils/parameters.ts as cce:/internal/x/cc.
13:28:10.015 debug: Resolve cc from file:///C:/cocos/games/NewProject-001/assets/scripts/utils/parameters.ts as cce:/internal/x/cc.
13:28:10.041 debug: Target(preview) ends with cost 156.98500000033528ms.
13:28:20.047 debug: Dispatch build request for time accumulated 1 asset changes.
13:28:20.048 debug: Build iteration starts.
Number of accumulated asset changes: 1
Feature changed: false
13:28:20.049 debug: Target(editor) build started.
13:28:20.051 debug: Detected change: cce:/internal/x/prerequisite-imports. Last mtime: Thu Jan 01 1970 04:31:34 GMT+0300 (Москва, стандартное время), Current mtime: Thu Jan 01 1970 04:31:44 GMT+0300 (Москва, стандартное время)
13:28:20.051 debug: Inspect cce:/internal/x/prerequisite-imports
13:28:20.060 debug: transform url: 'cce:/internal/x/prerequisite-imports' costs: 8.20 ms
13:28:20.062 debug: Resolve file:///C:/cocos/CocosDashboard/resources/resources/3d/engine/editor/assets/default_renderpipeline/builtin-dof-pass.ts from cce:/internal/x/prerequisite-imports as file:///C:/cocos/CocosDashboard/resources/resources/3d/engine/editor/assets/default_renderpipeline/builtin-dof-pass.ts.
13:28:20.063 debug: Resolve file:///C:/cocos/CocosDashboard/resources/resources/3d/engine/editor/assets/default_renderpipeline/builtin-pipeline-pass.ts from cce:/internal/x/prerequisite-imports as file:///C:/cocos/CocosDashboard/resources/resources/3d/engine/editor/assets/default_renderpipeline/builtin-pipeline-pass.ts.
13:28:20.064 debug: Resolve file:///C:/cocos/CocosDashboard/resources/resources/3d/engine/editor/assets/default_renderpipeline/builtin-pipeline-settings.ts from cce:/internal/x/prerequisite-imports as file:///C:/cocos/CocosDashboard/resources/resources/3d/engine/editor/assets/default_renderpipeline/builtin-pipeline-settings.ts.
13:28:20.064 debug: Resolve file:///C:/cocos/CocosDashboard/resources/resources/3d/engine/editor/assets/default_renderpipeline/builtin-pipeline-types.ts from cce:/internal/x/prerequisite-imports as file:///C:/cocos/CocosDashboard/resources/resources/3d/engine/editor/assets/default_renderpipeline/builtin-pipeline-types.ts.
13:28:20.066 debug: Resolve file:///C:/cocos/CocosDashboard/resources/resources/3d/engine/editor/assets/default_renderpipeline/builtin-pipeline.ts from cce:/internal/x/prerequisite-imports as file:///C:/cocos/CocosDashboard/resources/resources/3d/engine/editor/assets/default_renderpipeline/builtin-pipeline.ts.
13:28:20.067 debug: Resolve file:///C:/cocos/CocosDashboard/resources/resources/3d/engine/editor/assets/tools/debug-view-runtime-control.ts from cce:/internal/x/prerequisite-imports as file:///C:/cocos/CocosDashboard/resources/resources/3d/engine/editor/assets/tools/debug-view-runtime-control.ts.
13:28:20.067 debug: Resolve file:///C:/cocos/games/NewProject-001/assets/scripts/GridManager.ts from cce:/internal/x/prerequisite-imports as file:///C:/cocos/games/NewProject-001/assets/scripts/GridManager.ts.
13:28:20.068 debug: Resolve file:///C:/cocos/games/NewProject-001/assets/scripts/popupError.ts from cce:/internal/x/prerequisite-imports as file:///C:/cocos/games/NewProject-001/assets/scripts/popupError.ts.
13:28:20.068 debug: Resolve file:///C:/cocos/games/NewProject-001/assets/scripts/utils/findCluster.ts from cce:/internal/x/prerequisite-imports as file:///C:/cocos/games/NewProject-001/assets/scripts/utils/findCluster.ts.
13:28:20.069 debug: Resolve file:///C:/cocos/games/NewProject-001/assets/scripts/utils/spineAnimation.ts from cce:/internal/x/prerequisite-imports as file:///C:/cocos/games/NewProject-001/assets/scripts/utils/spineAnimation.ts.
13:28:20.083 debug: Target(editor) ends with cost 33.81080000009388ms.
13:28:20.083 debug: Target(preview) build started.
13:28:20.085 debug: Detected change: cce:/internal/x/prerequisite-imports. Last mtime: Thu Jan 01 1970 04:31:34 GMT+0300 (Москва, стандартное время), Current mtime: Thu Jan 01 1970 04:31:44 GMT+0300 (Москва, стандартное время)
13:28:20.085 debug: Inspect cce:/internal/x/prerequisite-imports
13:28:20.109 debug: transform url: 'cce:/internal/x/prerequisite-imports' costs: 24.10 ms
13:28:20.115 debug: Resolve file:///C:/cocos/CocosDashboard/resources/resources/3d/engine/editor/assets/default_renderpipeline/builtin-dof-pass.ts from cce:/internal/x/prerequisite-imports as file:///C:/cocos/CocosDashboard/resources/resources/3d/engine/editor/assets/default_renderpipeline/builtin-dof-pass.ts.
13:28:20.116 debug: Resolve file:///C:/cocos/CocosDashboard/resources/resources/3d/engine/editor/assets/default_renderpipeline/builtin-pipeline-pass.ts from cce:/internal/x/prerequisite-imports as file:///C:/cocos/CocosDashboard/resources/resources/3d/engine/editor/assets/default_renderpipeline/builtin-pipeline-pass.ts.
13:28:20.117 debug: Resolve file:///C:/cocos/CocosDashboard/resources/resources/3d/engine/editor/assets/default_renderpipeline/builtin-pipeline-settings.ts from cce:/internal/x/prerequisite-imports as file:///C:/cocos/CocosDashboard/resources/resources/3d/engine/editor/assets/default_renderpipeline/builtin-pipeline-settings.ts.
13:28:20.118 debug: Resolve file:///C:/cocos/CocosDashboard/resources/resources/3d/engine/editor/assets/default_renderpipeline/builtin-pipeline-types.ts from cce:/internal/x/prerequisite-imports as file:///C:/cocos/CocosDashboard/resources/resources/3d/engine/editor/assets/default_renderpipeline/builtin-pipeline-types.ts.
13:28:20.118 debug: Resolve file:///C:/cocos/CocosDashboard/resources/resources/3d/engine/editor/assets/default_renderpipeline/builtin-pipeline.ts from cce:/internal/x/prerequisite-imports as file:///C:/cocos/CocosDashboard/resources/resources/3d/engine/editor/assets/default_renderpipeline/builtin-pipeline.ts.
13:28:20.119 debug: Resolve file:///C:/cocos/CocosDashboard/resources/resources/3d/engine/editor/assets/tools/debug-view-runtime-control.ts from cce:/internal/x/prerequisite-imports as file:///C:/cocos/CocosDashboard/resources/resources/3d/engine/editor/assets/tools/debug-view-runtime-control.ts.
13:28:20.120 debug: Resolve file:///C:/cocos/games/NewProject-001/assets/scripts/GridManager.ts from cce:/internal/x/prerequisite-imports as file:///C:/cocos/games/NewProject-001/assets/scripts/GridManager.ts.
13:28:20.120 debug: Resolve file:///C:/cocos/games/NewProject-001/assets/scripts/popupError.ts from cce:/internal/x/prerequisite-imports as file:///C:/cocos/games/NewProject-001/assets/scripts/popupError.ts.
13:28:20.121 debug: Resolve file:///C:/cocos/games/NewProject-001/assets/scripts/utils/findCluster.ts from cce:/internal/x/prerequisite-imports as file:///C:/cocos/games/NewProject-001/assets/scripts/utils/findCluster.ts.
13:28:20.121 debug: Resolve file:///C:/cocos/games/NewProject-001/assets/scripts/utils/spineAnimation.ts from cce:/internal/x/prerequisite-imports as file:///C:/cocos/games/NewProject-001/assets/scripts/utils/spineAnimation.ts.
13:28:20.137 debug: Target(preview) ends with cost 53.21279999986291ms.
13:28:34.258 debug: Dispatch build request for time accumulated 1 asset changes.
13:28:34.260 debug: Build iteration starts.
Number of accumulated asset changes: 1
Feature changed: false
13:28:34.260 debug: Target(editor) build started.
13:28:34.261 debug: Detected change: cce:/internal/x/prerequisite-imports. Last mtime: Thu Jan 01 1970 04:31:44 GMT+0300 (Москва, стандартное время), Current mtime: Thu Jan 01 1970 04:31:58 GMT+0300 (Москва, стандартное время)
13:28:34.262 debug: Inspect cce:/internal/x/prerequisite-imports
13:28:34.271 debug: transform url: 'cce:/internal/x/prerequisite-imports' costs: 9.10 ms
13:28:34.272 debug: Resolve file:///C:/cocos/CocosDashboard/resources/resources/3d/engine/editor/assets/default_renderpipeline/builtin-dof-pass.ts from cce:/internal/x/prerequisite-imports as file:///C:/cocos/CocosDashboard/resources/resources/3d/engine/editor/assets/default_renderpipeline/builtin-dof-pass.ts.
13:28:34.273 debug: Resolve file:///C:/cocos/CocosDashboard/resources/resources/3d/engine/editor/assets/default_renderpipeline/builtin-pipeline-pass.ts from cce:/internal/x/prerequisite-imports as file:///C:/cocos/CocosDashboard/resources/resources/3d/engine/editor/assets/default_renderpipeline/builtin-pipeline-pass.ts.
13:28:34.273 debug: Resolve file:///C:/cocos/CocosDashboard/resources/resources/3d/engine/editor/assets/default_renderpipeline/builtin-pipeline-settings.ts from cce:/internal/x/prerequisite-imports as file:///C:/cocos/CocosDashboard/resources/resources/3d/engine/editor/assets/default_renderpipeline/builtin-pipeline-settings.ts.
13:28:34.273 debug: Resolve file:///C:/cocos/CocosDashboard/resources/resources/3d/engine/editor/assets/default_renderpipeline/builtin-pipeline-types.ts from cce:/internal/x/prerequisite-imports as file:///C:/cocos/CocosDashboard/resources/resources/3d/engine/editor/assets/default_renderpipeline/builtin-pipeline-types.ts.
13:28:34.274 debug: Resolve file:///C:/cocos/CocosDashboard/resources/resources/3d/engine/editor/assets/default_renderpipeline/builtin-pipeline.ts from cce:/internal/x/prerequisite-imports as file:///C:/cocos/CocosDashboard/resources/resources/3d/engine/editor/assets/default_renderpipeline/builtin-pipeline.ts.
13:28:34.274 debug: Resolve file:///C:/cocos/CocosDashboard/resources/resources/3d/engine/editor/assets/tools/debug-view-runtime-control.ts from cce:/internal/x/prerequisite-imports as file:///C:/cocos/CocosDashboard/resources/resources/3d/engine/editor/assets/tools/debug-view-runtime-control.ts.
13:28:34.274 debug: Resolve file:///C:/cocos/games/NewProject-001/assets/scripts/GridManager.ts from cce:/internal/x/prerequisite-imports as file:///C:/cocos/games/NewProject-001/assets/scripts/GridManager.ts.
13:28:34.274 debug: Detected change: file:///C:/cocos/games/NewProject-001/assets/scripts/GridManager.ts. Last mtime: Mon Apr 13 2026 13:28:08 GMT+0300 (Москва, стандартное время)@554b36f0-39f3-4f14-bb83-d34c1d1c7848, Current mtime: Mon Apr 13 2026 13:28:26 GMT+0300 (Москва, стандартное время)@554b36f0-39f3-4f14-bb83-d34c1d1c7848
13:28:34.274 debug: Inspect file:///C:/cocos/games/NewProject-001/assets/scripts/GridManager.ts
13:28:34.326 debug: transform url: 'file:///C:/cocos/games/NewProject-001/assets/scripts/GridManager.ts' costs: 51.20 ms
13:28:34.328 debug: Resolve file:///C:/cocos/games/NewProject-001/assets/scripts/popupError.ts from cce:/internal/x/prerequisite-imports as file:///C:/cocos/games/NewProject-001/assets/scripts/popupError.ts.
13:28:34.328 debug: Resolve file:///C:/cocos/games/NewProject-001/assets/scripts/utils/findCluster.ts from cce:/internal/x/prerequisite-imports as file:///C:/cocos/games/NewProject-001/assets/scripts/utils/findCluster.ts.
13:28:34.329 debug: Resolve file:///C:/cocos/games/NewProject-001/assets/scripts/utils/spineAnimation.ts from cce:/internal/x/prerequisite-imports as file:///C:/cocos/games/NewProject-001/assets/scripts/utils/spineAnimation.ts.
13:28:34.329 debug: Resolve cce:/internal/code-quality/cr.mjs from file:///C:/cocos/games/NewProject-001/assets/scripts/GridManager.ts as cce:/internal/code-quality/cr.mjs.
13:28:34.329 debug: Resolve cc from file:///C:/cocos/games/NewProject-001/assets/scripts/GridManager.ts as cce:/internal/x/cc.
13:28:34.329 debug: Resolve cc from file:///C:/cocos/games/NewProject-001/assets/scripts/GridManager.ts as cce:/internal/x/cc.
13:28:34.329 debug: Resolve cc from file:///C:/cocos/games/NewProject-001/assets/scripts/GridManager.ts as cce:/internal/x/cc.
13:28:34.330 debug: Resolve ./utils/findCluster from file:///C:/cocos/games/NewProject-001/assets/scripts/GridManager.ts as file:///C:/cocos/games/NewProject-001/assets/scripts/utils/findCluster.ts.
13:28:34.339 debug: Target(editor) ends with cost 79.61930000036955ms.
13:28:34.340 debug: Target(preview) build started.
13:28:34.341 debug: Detected change: cce:/internal/x/prerequisite-imports. Last mtime: Thu Jan 01 1970 04:31:44 GMT+0300 (Москва, стандартное время), Current mtime: Thu Jan 01 1970 04:31:58 GMT+0300 (Москва, стандартное время)
13:28:34.341 debug: Inspect cce:/internal/x/prerequisite-imports
13:28:34.358 debug: transform url: 'cce:/internal/x/prerequisite-imports' costs: 16.70 ms
13:28:34.360 debug: Resolve file:///C:/cocos/CocosDashboard/resources/resources/3d/engine/editor/assets/default_renderpipeline/builtin-dof-pass.ts from cce:/internal/x/prerequisite-imports as file:///C:/cocos/CocosDashboard/resources/resources/3d/engine/editor/assets/default_renderpipeline/builtin-dof-pass.ts.
13:28:34.361 debug: Resolve file:///C:/cocos/CocosDashboard/resources/resources/3d/engine/editor/assets/default_renderpipeline/builtin-pipeline-pass.ts from cce:/internal/x/prerequisite-imports as file:///C:/cocos/CocosDashboard/resources/resources/3d/engine/editor/assets/default_renderpipeline/builtin-pipeline-pass.ts.
13:28:34.362 debug: Resolve file:///C:/cocos/CocosDashboard/resources/resources/3d/engine/editor/assets/default_renderpipeline/builtin-pipeline-settings.ts from cce:/internal/x/prerequisite-imports as file:///C:/cocos/CocosDashboard/resources/resources/3d/engine/editor/assets/default_renderpipeline/builtin-pipeline-settings.ts.
13:28:34.362 debug: Resolve file:///C:/cocos/CocosDashboard/resources/resources/3d/engine/editor/assets/default_renderpipeline/builtin-pipeline-types.ts from cce:/internal/x/prerequisite-imports as file:///C:/cocos/CocosDashboard/resources/resources/3d/engine/editor/assets/default_renderpipeline/builtin-pipeline-types.ts.
13:28:34.363 debug: Resolve file:///C:/cocos/CocosDashboard/resources/resources/3d/engine/editor/assets/default_renderpipeline/builtin-pipeline.ts from cce:/internal/x/prerequisite-imports as file:///C:/cocos/CocosDashboard/resources/resources/3d/engine/editor/assets/default_renderpipeline/builtin-pipeline.ts.
13:28:34.364 debug: Resolve file:///C:/cocos/CocosDashboard/resources/resources/3d/engine/editor/assets/tools/debug-view-runtime-control.ts from cce:/internal/x/prerequisite-imports as file:///C:/cocos/CocosDashboard/resources/resources/3d/engine/editor/assets/tools/debug-view-runtime-control.ts.
13:28:34.364 debug: Resolve file:///C:/cocos/games/NewProject-001/assets/scripts/GridManager.ts from cce:/internal/x/prerequisite-imports as file:///C:/cocos/games/NewProject-001/assets/scripts/GridManager.ts.
13:28:34.364 debug: Detected change: file:///C:/cocos/games/NewProject-001/assets/scripts/GridManager.ts. Last mtime: Mon Apr 13 2026 13:28:08 GMT+0300 (Москва, стандартное время)@554b36f0-39f3-4f14-bb83-d34c1d1c7848, Current mtime: Mon Apr 13 2026 13:28:26 GMT+0300 (Москва, стандартное время)@554b36f0-39f3-4f14-bb83-d34c1d1c7848
13:28:34.364 debug: Inspect file:///C:/cocos/games/NewProject-001/assets/scripts/GridManager.ts
13:28:34.430 debug: transform url: 'file:///C:/cocos/games/NewProject-001/assets/scripts/GridManager.ts' costs: 65.20 ms
13:28:34.432 debug: Resolve file:///C:/cocos/games/NewProject-001/assets/scripts/popupError.ts from cce:/internal/x/prerequisite-imports as file:///C:/cocos/games/NewProject-001/assets/scripts/popupError.ts.
13:28:34.433 debug: Resolve file:///C:/cocos/games/NewProject-001/assets/scripts/utils/findCluster.ts from cce:/internal/x/prerequisite-imports as file:///C:/cocos/games/NewProject-001/assets/scripts/utils/findCluster.ts.
13:28:34.433 debug: Resolve file:///C:/cocos/games/NewProject-001/assets/scripts/utils/spineAnimation.ts from cce:/internal/x/prerequisite-imports as file:///C:/cocos/games/NewProject-001/assets/scripts/utils/spineAnimation.ts.
13:28:34.433 debug: Resolve cce:/internal/code-quality/cr.mjs from file:///C:/cocos/games/NewProject-001/assets/scripts/GridManager.ts as cce:/internal/code-quality/cr.mjs.
13:28:34.433 debug: Resolve cc from file:///C:/cocos/games/NewProject-001/assets/scripts/GridManager.ts as cce:/internal/x/cc.
13:28:34.433 debug: Resolve cc from file:///C:/cocos/games/NewProject-001/assets/scripts/GridManager.ts as cce:/internal/x/cc.
13:28:34.433 debug: Resolve cc from file:///C:/cocos/games/NewProject-001/assets/scripts/GridManager.ts as cce:/internal/x/cc.
13:28:34.434 debug: Resolve ./utils/findCluster from file:///C:/cocos/games/NewProject-001/assets/scripts/GridManager.ts as file:///C:/cocos/games/NewProject-001/assets/scripts/utils/findCluster.ts.
13:28:34.443 debug: Target(preview) ends with cost 102.85779999941587ms.
